\BOOKMARK [0][-]{chapter.1}{\376\377\000H\000i\000e\000r\000a\000r\000c\000h\000i\000c\000a\000l\000\040\000I\000n\000d\000e\000x}{}% 1
\BOOKMARK [1][-]{section.1.1}{\376\377\000C\000l\000a\000s\000s\000\040\000H\000i\000e\000r\000a\000r\000c\000h\000y}{chapter.1}% 2
\BOOKMARK [0][-]{chapter.2}{\376\377\000C\000l\000a\000s\000s\000\040\000I\000n\000d\000e\000x}{}% 3
\BOOKMARK [1][-]{section.2.1}{\376\377\000C\000l\000a\000s\000s\000\040\000L\000i\000s\000t}{chapter.2}% 4
\BOOKMARK [0][-]{chapter.3}{\376\377\000F\000i\000l\000e\000\040\000I\000n\000d\000e\000x}{}% 5
\BOOKMARK [1][-]{section.3.1}{\376\377\000F\000i\000l\000e\000\040\000L\000i\000s\000t}{chapter.3}% 6
\BOOKMARK [0][-]{chapter.4}{\376\377\000C\000l\000a\000s\000s\000\040\000D\000o\000c\000u\000m\000e\000n\000t\000a\000t\000i\000o\000n}{}% 7
\BOOKMARK [1][-]{section.4.1}{\376\377\000B\000i\000n\000a\000r\000y\000T\000r\000e\000e\000\040\000C\000l\000a\000s\000s\000\040\000R\000e\000f\000e\000r\000e\000n\000c\000e}{chapter.4}% 8
\BOOKMARK [2][-]{subsection.4.1.1}{\376\377\000C\000o\000n\000s\000t\000r\000u\000c\000t\000o\000r\000\040\000\046\000\040\000D\000e\000s\000t\000r\000u\000c\000t\000o\000r\000\040\000D\000o\000c\000u\000m\000e\000n\000t\000a\000t\000i\000o\000n}{section.4.1}% 9
\BOOKMARK [3][-]{subsubsection.4.1.1.1}{\376\377\000B\000i\000n\000a\000r\000y\000T\000r\000e\000e}{subsection.4.1.1}% 10
\BOOKMARK [2][-]{subsection.4.1.2}{\376\377\000M\000e\000m\000b\000e\000r\000\040\000F\000u\000n\000c\000t\000i\000o\000n\000\040\000D\000o\000c\000u\000m\000e\000n\000t\000a\000t\000i\000o\000n}{section.4.1}% 11
\BOOKMARK [3][-]{subsubsection.4.1.2.1}{\376\377\000a\000d\000d}{subsection.4.1.2}% 12
\BOOKMARK [3][-]{subsubsection.4.1.2.2}{\376\377\000r\000e\000m\000o\000v\000e}{subsection.4.1.2}% 13
\BOOKMARK [3][-]{subsubsection.4.1.2.3}{\376\377\000s\000e\000a\000r\000c\000h}{subsection.4.1.2}% 14
\BOOKMARK [1][-]{section.4.2}{\376\377\000B\000i\000n\000a\000r\000y\000T\000r\000e\000e\000N\000o\000d\000e\000\040\000C\000l\000a\000s\000s\000\040\000R\000e\000f\000e\000r\000e\000n\000c\000e}{chapter.4}% 15
\BOOKMARK [2][-]{subsection.4.2.1}{\376\377\000C\000o\000n\000s\000t\000r\000u\000c\000t\000o\000r\000\040\000\046\000\040\000D\000e\000s\000t\000r\000u\000c\000t\000o\000r\000\040\000D\000o\000c\000u\000m\000e\000n\000t\000a\000t\000i\000o\000n}{section.4.2}% 16
\BOOKMARK [3][-]{subsubsection.4.2.1.1}{\376\377\000B\000i\000n\000a\000r\000y\000T\000r\000e\000e\000N\000o\000d\000e}{subsection.4.2.1}% 17
\BOOKMARK [2][-]{subsection.4.2.2}{\376\377\000M\000e\000m\000b\000e\000r\000\040\000F\000u\000n\000c\000t\000i\000o\000n\000\040\000D\000o\000c\000u\000m\000e\000n\000t\000a\000t\000i\000o\000n}{section.4.2}% 18
\BOOKMARK [3][-]{subsubsection.4.2.2.1}{\376\377\000g\000e\000t\000E\000l\000e\000m\000e\000n\000t}{subsection.4.2.2}% 19
\BOOKMARK [3][-]{subsubsection.4.2.2.2}{\376\377\000g\000e\000t\000L\000e\000f\000t}{subsection.4.2.2}% 20
\BOOKMARK [3][-]{subsubsection.4.2.2.3}{\376\377\000g\000e\000t\000R\000i\000g\000h\000t}{subsection.4.2.2}% 21
\BOOKMARK [3][-]{subsubsection.4.2.2.4}{\376\377\000s\000e\000t\000E\000l\000e\000m\000e\000n\000t}{subsection.4.2.2}% 22
\BOOKMARK [3][-]{subsubsection.4.2.2.5}{\376\377\000s\000e\000t\000L\000e\000f\000t}{subsection.4.2.2}% 23
\BOOKMARK [3][-]{subsubsection.4.2.2.6}{\376\377\000s\000e\000t\000R\000i\000g\000h\000t}{subsection.4.2.2}% 24
\BOOKMARK [1][-]{section.4.3}{\376\377\000I\000t\000e\000r\000a\000t\000o\000r\000\040\000C\000l\000a\000s\000s\000\040\000R\000e\000f\000e\000r\000e\000n\000c\000e}{chapter.4}% 25
\BOOKMARK [2][-]{subsection.4.3.1}{\376\377\000M\000e\000m\000b\000e\000r\000\040\000F\000u\000n\000c\000t\000i\000o\000n\000\040\000D\000o\000c\000u\000m\000e\000n\000t\000a\000t\000i\000o\000n}{section.4.3}% 26
\BOOKMARK [3][-]{subsubsection.4.3.1.1}{\376\377\000c\000u\000r\000r\000e\000n\000t\000I\000t\000e\000m}{subsection.4.3.1}% 27
\BOOKMARK [3][-]{subsubsection.4.3.1.2}{\376\377\000f\000i\000r\000s\000t}{subsection.4.3.1}% 28
\BOOKMARK [3][-]{subsubsection.4.3.1.3}{\376\377\000I\000s\000D\000o\000n\000e}{subsection.4.3.1}% 29
\BOOKMARK [3][-]{subsubsection.4.3.1.4}{\376\377\000n\000e\000x\000t}{subsection.4.3.1}% 30
\BOOKMARK [1][-]{section.4.4}{\376\377\000N\000o\000d\000e\000\040\000C\000l\000a\000s\000s\000\040\000R\000e\000f\000e\000r\000e\000n\000c\000e}{chapter.4}% 31
\BOOKMARK [2][-]{subsection.4.4.1}{\376\377\000C\000o\000n\000s\000t\000r\000u\000c\000t\000o\000r\000\040\000\046\000\040\000D\000e\000s\000t\000r\000u\000c\000t\000o\000r\000\040\000D\000o\000c\000u\000m\000e\000n\000t\000a\000t\000i\000o\000n}{section.4.4}% 32
\BOOKMARK [3][-]{subsubsection.4.4.1.1}{\376\377\000N\000o\000d\000e}{subsection.4.4.1}% 33
\BOOKMARK [3][-]{subsubsection.4.4.1.2}{\376\377\000N\000o\000d\000e}{subsection.4.4.1}% 34
\BOOKMARK [2][-]{subsection.4.4.2}{\376\377\000M\000e\000m\000b\000e\000r\000\040\000F\000u\000n\000c\000t\000i\000o\000n\000\040\000D\000o\000c\000u\000m\000e\000n\000t\000a\000t\000i\000o\000n}{section.4.4}% 35
\BOOKMARK [3][-]{subsubsection.4.4.2.1}{\376\377\000g\000e\000t\000E\000l\000e\000m\000e\000n\000t}{subsection.4.4.2}% 36
\BOOKMARK [3][-]{subsubsection.4.4.2.2}{\376\377\000s\000e\000t\000E\000l\000e\000m\000e\000n\000t}{subsection.4.4.2}% 37
\BOOKMARK [2][-]{subsection.4.4.3}{\376\377\000M\000e\000m\000b\000e\000r\000\040\000D\000a\000t\000a\000\040\000D\000o\000c\000u\000m\000e\000n\000t\000a\000t\000i\000o\000n}{section.4.4}% 38
\BOOKMARK [3][-]{subsubsection.4.4.3.1}{\376\377\000\137\000e\000l\000e\000m\000e\000n\000t}{subsection.4.4.3}% 39
\BOOKMARK [1][-]{section.4.5}{\376\377\000S\000i\000m\000p\000l\000e\000L\000i\000s\000t\000N\000o\000d\000e\000\040\000C\000l\000a\000s\000s\000\040\000R\000e\000f\000e\000r\000e\000n\000c\000e}{chapter.4}% 40
\BOOKMARK [2][-]{subsection.4.5.1}{\376\377\000D\000e\000t\000a\000i\000l\000e\000d\000\040\000D\000e\000s\000c\000r\000i\000p\000t\000i\000o\000n}{section.4.5}% 41
\BOOKMARK [2][-]{subsection.4.5.2}{\376\377\000C\000o\000n\000s\000t\000r\000u\000c\000t\000o\000r\000\040\000\046\000\040\000D\000e\000s\000t\000r\000u\000c\000t\000o\000r\000\040\000D\000o\000c\000u\000m\000e\000n\000t\000a\000t\000i\000o\000n}{section.4.5}% 42
\BOOKMARK [3][-]{subsubsection.4.5.2.1}{\376\377\000S\000i\000m\000p\000l\000e\000L\000i\000s\000t\000N\000o\000d\000e}{subsection.4.5.2}% 43
\BOOKMARK [3][-]{subsubsection.4.5.2.2}{\376\377\000S\000i\000m\000p\000l\000e\000L\000i\000s\000t\000N\000o\000d\000e}{subsection.4.5.2}% 44
\BOOKMARK [2][-]{subsection.4.5.3}{\376\377\000M\000e\000m\000b\000e\000r\000\040\000F\000u\000n\000c\000t\000i\000o\000n\000\040\000D\000o\000c\000u\000m\000e\000n\000t\000a\000t\000i\000o\000n}{section.4.5}% 45
\BOOKMARK [3][-]{subsubsection.4.5.3.1}{\376\377\000g\000e\000t\000E\000l\000e\000m\000e\000n\000t}{subsection.4.5.3}% 46
\BOOKMARK [3][-]{subsubsection.4.5.3.2}{\376\377\000g\000e\000t\000N\000e\000x\000t}{subsection.4.5.3}% 47
\BOOKMARK [3][-]{subsubsection.4.5.3.3}{\376\377\000g\000e\000t\000P\000r\000e\000v\000i\000o\000u\000s}{subsection.4.5.3}% 48
\BOOKMARK [3][-]{subsubsection.4.5.3.4}{\376\377\000s\000e\000t\000E\000l\000e\000m\000e\000n\000t}{subsection.4.5.3}% 49
\BOOKMARK [3][-]{subsubsection.4.5.3.5}{\376\377\000s\000e\000t\000N\000e\000x\000t}{subsection.4.5.3}% 50
\BOOKMARK [3][-]{subsubsection.4.5.3.6}{\376\377\000s\000e\000t\000P\000r\000e\000v\000i\000o\000u\000s}{subsection.4.5.3}% 51
\BOOKMARK [0][-]{chapter.5}{\376\377\000F\000i\000l\000e\000\040\000D\000o\000c\000u\000m\000e\000n\000t\000a\000t\000i\000o\000n}{}% 52
\BOOKMARK [1][-]{section.5.1}{\376\377\000s\000r\000c\000/\000d\000a\000t\000a\000S\000t\000r\000u\000c\000t\000u\000r\000e\000s\000/\000I\000t\000e\000r\000a\000t\000o\000r\000.\000h\000\040\000F\000i\000l\000e\000\040\000R\000e\000f\000e\000r\000e\000n\000c\000e}{chapter.5}% 53
\BOOKMARK [1][-]{section.5.2}{\376\377\000s\000r\000c\000/\000d\000a\000t\000a\000S\000t\000r\000u\000c\000t\000u\000r\000e\000s\000/\000N\000o\000d\000e\000.\000c\000p\000p\000\040\000F\000i\000l\000e\000\040\000R\000e\000f\000e\000r\000e\000n\000c\000e}{chapter.5}% 54
\BOOKMARK [1][-]{section.5.3}{\376\377\000s\000r\000c\000/\000d\000a\000t\000a\000S\000t\000r\000u\000c\000t\000u\000r\000e\000s\000/\000N\000o\000d\000e\000.\000h\000\040\000F\000i\000l\000e\000\040\000R\000e\000f\000e\000r\000e\000n\000c\000e}{chapter.5}% 55
\BOOKMARK [1][-]{section.5.4}{\376\377\000s\000r\000c\000/\000d\000a\000t\000a\000S\000t\000r\000u\000c\000t\000u\000r\000e\000s\000/\000S\000i\000m\000p\000l\000e\000L\000i\000s\000t\000/\000N\000o\000d\000e\000/\000h\000t\000m\000l\000/\000d\000y\000n\000s\000e\000c\000t\000i\000o\000n\000s\000.\000j\000s\000\040\000F\000i\000l\000e\000\040\000R\000e\000f\000e\000r\000e\000n\000c\000e}{chapter.5}% 56
\BOOKMARK [2][-]{subsection.5.4.1}{\376\377\000F\000u\000n\000c\000t\000i\000o\000n\000\040\000D\000o\000c\000u\000m\000e\000n\000t\000a\000t\000i\000o\000n}{section.5.4}% 57
\BOOKMARK [3][-]{subsubsection.5.4.1.1}{\376\377\000t\000o\000g\000g\000l\000e\000F\000o\000l\000d\000e\000r}{subsection.5.4.1}% 58
\BOOKMARK [3][-]{subsubsection.5.4.1.2}{\376\377\000t\000o\000g\000g\000l\000e\000I\000n\000h\000e\000r\000i\000t}{subsection.5.4.1}% 59
\BOOKMARK [3][-]{subsubsection.5.4.1.3}{\376\377\000t\000o\000g\000g\000l\000e\000L\000e\000v\000e\000l}{subsection.5.4.1}% 60
\BOOKMARK [3][-]{subsubsection.5.4.1.4}{\376\377\000t\000o\000g\000g\000l\000e\000V\000i\000s\000i\000b\000i\000l\000i\000t\000y}{subsection.5.4.1}% 61
\BOOKMARK [3][-]{subsubsection.5.4.1.5}{\376\377\000u\000p\000d\000a\000t\000e\000S\000t\000r\000i\000p\000e\000s}{subsection.5.4.1}% 62
\BOOKMARK [1][-]{section.5.5}{\376\377\000s\000r\000c\000/\000d\000a\000t\000a\000S\000t\000r\000u\000c\000t\000u\000r\000e\000s\000/\000S\000i\000m\000p\000l\000e\000L\000i\000s\000t\000/\000N\000o\000d\000e\000/\000h\000t\000m\000l\000/\000j\000q\000u\000e\000r\000y\000.\000j\000s\000\040\000F\000i\000l\000e\000\040\000R\000e\000f\000e\000r\000e\000n\000c\000e}{chapter.5}% 63
\BOOKMARK [2][-]{subsection.5.5.1}{\376\377\000F\000u\000n\000c\000t\000i\000o\000n\000\040\000D\000o\000c\000u\000m\000e\000n\000t\000a\000t\000i\000o\000n}{section.5.5}% 64
\BOOKMARK [3][-]{subsubsection.5.5.1.1}{\376\377\000a\0000}{subsection.5.5.1}% 65
\BOOKMARK [3][-]{subsubsection.5.5.1.2}{\376\377\000a\000K}{subsection.5.5.1}% 66
\BOOKMARK [3][-]{subsubsection.5.5.1.3}{\376\377\000a\000t}{subsection.5.5.1}% 67
\BOOKMARK [3][-]{subsubsection.5.5.1.4}{\376\377\000b}{subsection.5.5.1}% 68
\BOOKMARK [3][-]{subsubsection.5.5.1.5}{\376\377\000b\000h}{subsection.5.5.1}% 69
\BOOKMARK [3][-]{subsubsection.5.5.1.6}{\376\377\000e\000a\000c\000h}{subsection.5.5.1}% 70
\BOOKMARK [3][-]{subsubsection.5.5.1.7}{\376\377\000e\000a\000c\000h}{subsection.5.5.1}% 71
\BOOKMARK [3][-]{subsubsection.5.5.1.8}{\376\377\000e\000x\000t\000e\000n\000d}{subsection.5.5.1}% 72
\BOOKMARK [3][-]{subsubsection.5.5.1.9}{\376\377\000e\000x\000t\000e\000n\000d}{subsection.5.5.1}% 73
\BOOKMARK [3][-]{subsubsection.5.5.1.10}{\376\377\000i\000f}{subsection.5.5.1}% 74
\BOOKMARK [3][-]{subsubsection.5.5.1.11}{\376\377\000i\000f}{subsection.5.5.1}% 75
\BOOKMARK [3][-]{subsubsection.5.5.1.12}{\376\377\000i\000f}{subsection.5.5.1}% 76
\BOOKMARK [3][-]{subsubsection.5.5.1.13}{\376\377\000i\000f}{subsection.5.5.1}% 77
\BOOKMARK [3][-]{subsubsection.5.5.1.14}{\376\377\000i\000f}{subsection.5.5.1}% 78
\BOOKMARK [3][-]{subsubsection.5.5.1.15}{\376\377\000i\000f}{subsection.5.5.1}% 79
\BOOKMARK [3][-]{subsubsection.5.5.1.16}{\376\377\000p}{subsection.5.5.1}% 80
\BOOKMARK [3][-]{subsubsection.5.5.1.17}{\376\377\000x}{subsection.5.5.1}% 81
\BOOKMARK [2][-]{subsection.5.5.2}{\376\377\000V\000a\000r\000i\000a\000b\000l\000e\000\040\000D\000o\000c\000u\000m\000e\000n\000t\000a\000t\000i\000o\000n}{section.5.5}% 82
\BOOKMARK [3][-]{subsubsection.5.5.2.1}{\376\377\000a\000D}{subsection.5.5.2}% 83
\BOOKMARK [3][-]{subsubsection.5.5.2.2}{\376\377\000a\000d}{subsection.5.5.2}% 84
\BOOKMARK [3][-]{subsubsection.5.5.2.3}{\376\377\000a\000M}{subsection.5.5.2}% 85
\BOOKMARK [3][-]{subsubsection.5.5.2.4}{\376\377\000a\000p}{subsection.5.5.2}% 86
\BOOKMARK [3][-]{subsubsection.5.5.2.5}{\376\377\000a\000Q}{subsection.5.5.2}% 87
\BOOKMARK [3][-]{subsubsection.5.5.2.6}{\376\377\000a\000u}{subsection.5.5.2}% 88
\BOOKMARK [3][-]{subsubsection.5.5.2.7}{\376\377\000a\000Z}{subsection.5.5.2}% 89
\BOOKMARK [3][-]{subsubsection.5.5.2.8}{\376\377\000b}{subsection.5.5.2}% 90
\BOOKMARK [3][-]{subsubsection.5.5.2.9}{\376\377\000b\000b}{subsection.5.5.2}% 91
\BOOKMARK [3][-]{subsubsection.5.5.2.10}{\376\377\000b\000q}{subsection.5.5.2}% 92
\BOOKMARK [3][-]{subsubsection.5.5.2.11}{\376\377\000b\000s}{subsection.5.5.2}% 93
\BOOKMARK [3][-]{subsubsection.5.5.2.12}{\376\377\000c}{subsection.5.5.2}% 94
\BOOKMARK [3][-]{subsubsection.5.5.2.13}{\376\377\000c\000s\000s}{subsection.5.5.2}% 95
\BOOKMARK [3][-]{subsubsection.5.5.2.14}{\376\377\000c\000u\000r\000C\000S\000S}{subsection.5.5.2}% 96
\BOOKMARK [3][-]{subsubsection.5.5.2.15}{\376\377\000e\000l\000s\000e}{subsection.5.5.2}% 97
\BOOKMARK [3][-]{subsubsection.5.5.2.16}{\376\377\000j\000Q\000u\000e\000r\000y}{subsection.5.5.2}% 98
\BOOKMARK [3][-]{subsubsection.5.5.2.17}{\376\377\000k}{subsection.5.5.2}% 99
\BOOKMARK [3][-]{subsubsection.5.5.2.18}{\376\377\000L}{subsection.5.5.2}% 100
\BOOKMARK [3][-]{subsubsection.5.5.2.19}{\376\377\000p\000r\000o\000t\000o\000t\000y\000p\000e}{subsection.5.5.2}% 101
\BOOKMARK [3][-]{subsubsection.5.5.2.20}{\376\377\000V}{subsection.5.5.2}% 102
\BOOKMARK [3][-]{subsubsection.5.5.2.21}{\376\377\000w\000i\000n\000d\000o\000w}{subsection.5.5.2}% 103
\BOOKMARK [3][-]{subsubsection.5.5.2.22}{\376\377\000Z}{subsection.5.5.2}% 104
\BOOKMARK [1][-]{section.5.6}{\376\377\000s\000r\000c\000/\000d\000a\000t\000a\000S\000t\000r\000u\000c\000t\000u\000r\000e\000s\000/\000S\000i\000m\000p\000l\000e\000L\000i\000s\000t\000/\000N\000o\000d\000e\000/\000h\000t\000m\000l\000/\000s\000e\000a\000r\000c\000h\000/\000a\000l\000l\000\137\0000\000.\000j\000s\000\040\000F\000i\000l\000e\000\040\000R\000e\000f\000e\000r\000e\000n\000c\000e}{chapter.5}% 105
\BOOKMARK [2][-]{subsection.5.6.1}{\376\377\000V\000a\000r\000i\000a\000b\000l\000e\000\040\000D\000o\000c\000u\000m\000e\000n\000t\000a\000t\000i\000o\000n}{section.5.6}% 106
\BOOKMARK [3][-]{subsubsection.5.6.1.1}{\376\377\000s\000e\000a\000r\000c\000h\000D\000a\000t\000a}{subsection.5.6.1}% 107
\BOOKMARK [1][-]{section.5.7}{\376\377\000s\000r\000c\000/\000d\000a\000t\000a\000S\000t\000r\000u\000c\000t\000u\000r\000e\000s\000/\000S\000i\000m\000p\000l\000e\000L\000i\000s\000t\000/\000N\000o\000d\000e\000/\000h\000t\000m\000l\000/\000s\000e\000a\000r\000c\000h\000/\000c\000l\000a\000s\000s\000e\000s\000\137\0000\000.\000j\000s\000\040\000F\000i\000l\000e\000\040\000R\000e\000f\000e\000r\000e\000n\000c\000e}{chapter.5}% 108
\BOOKMARK [2][-]{subsection.5.7.1}{\376\377\000V\000a\000r\000i\000a\000b\000l\000e\000\040\000D\000o\000c\000u\000m\000e\000n\000t\000a\000t\000i\000o\000n}{section.5.7}% 109
\BOOKMARK [3][-]{subsubsection.5.7.1.1}{\376\377\000s\000e\000a\000r\000c\000h\000D\000a\000t\000a}{subsection.5.7.1}% 110
\BOOKMARK [1][-]{section.5.8}{\376\377\000s\000r\000c\000/\000d\000a\000t\000a\000S\000t\000r\000u\000c\000t\000u\000r\000e\000s\000/\000S\000i\000m\000p\000l\000e\000L\000i\000s\000t\000/\000N\000o\000d\000e\000/\000h\000t\000m\000l\000/\000s\000e\000a\000r\000c\000h\000/\000s\000e\000a\000r\000c\000h\000.\000j\000s\000\040\000F\000i\000l\000e\000\040\000R\000e\000f\000e\000r\000e\000n\000c\000e}{chapter.5}% 111
\BOOKMARK [2][-]{subsection.5.8.1}{\376\377\000F\000u\000n\000c\000t\000i\000o\000n\000\040\000D\000o\000c\000u\000m\000e\000n\000t\000a\000t\000i\000o\000n}{section.5.8}% 112
\BOOKMARK [3][-]{subsubsection.5.8.1.1}{\376\377\000c\000o\000n\000v\000e\000r\000t\000T\000o\000I\000d}{subsection.5.8.1}% 113
\BOOKMARK [3][-]{subsubsection.5.8.1.2}{\376\377\000c\000r\000e\000a\000t\000e\000R\000e\000s\000u\000l\000t\000s}{subsection.5.8.1}% 114
\BOOKMARK [3][-]{subsubsection.5.8.1.3}{\376\377\000g\000e\000t\000X\000P\000o\000s}{subsection.5.8.1}% 115
\BOOKMARK [3][-]{subsubsection.5.8.1.4}{\376\377\000g\000e\000t\000Y\000P\000o\000s}{subsection.5.8.1}% 116
\BOOKMARK [3][-]{subsubsection.5.8.1.5}{\376\377\000S\000e\000a\000r\000c\000h\000B\000o\000x}{subsection.5.8.1}% 117
\BOOKMARK [3][-]{subsubsection.5.8.1.6}{\376\377\000S\000e\000a\000r\000c\000h\000R\000e\000s\000u\000l\000t\000s}{subsection.5.8.1}% 118
\BOOKMARK [3][-]{subsubsection.5.8.1.7}{\376\377\000s\000e\000t\000C\000l\000a\000s\000s\000A\000t\000t\000r}{subsection.5.8.1}% 119
\BOOKMARK [3][-]{subsubsection.5.8.1.8}{\376\377\000s\000e\000t\000K\000e\000y\000A\000c\000t\000i\000o\000n\000s}{subsection.5.8.1}% 120
\BOOKMARK [2][-]{subsection.5.8.2}{\376\377\000V\000a\000r\000i\000a\000b\000l\000e\000\040\000D\000o\000c\000u\000m\000e\000n\000t\000a\000t\000i\000o\000n}{section.5.8}% 121
\BOOKMARK [3][-]{subsubsection.5.8.2.1}{\376\377\000i\000n\000d\000e\000x\000S\000e\000c\000t\000i\000o\000n\000N\000a\000m\000e\000s}{subsection.5.8.2}% 122
\BOOKMARK [3][-]{subsubsection.5.8.2.2}{\376\377\000i\000n\000d\000e\000x\000S\000e\000c\000t\000i\000o\000n\000s\000W\000i\000t\000h\000C\000o\000n\000t\000e\000n\000t}{subsection.5.8.2}% 123
\BOOKMARK [1][-]{section.5.9}{\376\377\000s\000r\000c\000/\000d\000a\000t\000a\000S\000t\000r\000u\000c\000t\000u\000r\000e\000s\000/\000S\000i\000m\000p\000l\000e\000L\000i\000s\000t\000/\000N\000o\000d\000e\000/\000S\000i\000m\000p\000l\000e\000L\000i\000s\000t\000N\000o\000d\000e\000.\000c\000p\000p\000\040\000F\000i\000l\000e\000\040\000R\000e\000f\000e\000r\000e\000n\000c\000e}{chapter.5}% 124
\BOOKMARK [1][-]{section.5.10}{\376\377\000s\000r\000c\000/\000d\000a\000t\000a\000S\000t\000r\000u\000c\000t\000u\000r\000e\000s\000/\000S\000i\000m\000p\000l\000e\000L\000i\000s\000t\000/\000N\000o\000d\000e\000/\000S\000i\000m\000p\000l\000e\000L\000i\000s\000t\000N\000o\000d\000e\000.\000h\000\040\000F\000i\000l\000e\000\040\000R\000e\000f\000e\000r\000e\000n\000c\000e}{chapter.5}% 125
\BOOKMARK [1][-]{section.5.11}{\376\377\000s\000r\000c\000/\000d\000a\000t\000a\000S\000t\000r\000u\000c\000t\000u\000r\000e\000s\000/\000S\000i\000m\000p\000l\000e\000L\000i\000s\000t\000/\000s\000i\000m\000p\000l\000e\000l\000i\000s\000t\000.\000c\000p\000p\000\040\000F\000i\000l\000e\000\040\000R\000e\000f\000e\000r\000e\000n\000c\000e}{chapter.5}% 126
\BOOKMARK [1][-]{section.5.12}{\376\377\000s\000r\000c\000/\000d\000a\000t\000a\000S\000t\000r\000u\000c\000t\000u\000r\000e\000s\000/\000T\000r\000e\000e\000/\000b\000i\000n\000a\000r\000y\000t\000r\000e\000e\000.\000c\000p\000p\000\040\000F\000i\000l\000e\000\040\000R\000e\000f\000e\000r\000e\000n\000c\000e}{chapter.5}% 127
\BOOKMARK [1][-]{section.5.13}{\376\377\000s\000r\000c\000/\000d\000a\000t\000a\000S\000t\000r\000u\000c\000t\000u\000r\000e\000s\000/\000T\000r\000e\000e\000/\000b\000i\000n\000a\000r\000y\000t\000r\000e\000e\000.\000h\000\040\000F\000i\000l\000e\000\040\000R\000e\000f\000e\000r\000e\000n\000c\000e}{chapter.5}% 128
\BOOKMARK [1][-]{section.5.14}{\376\377\000s\000r\000c\000/\000d\000a\000t\000a\000S\000t\000r\000u\000c\000t\000u\000r\000e\000s\000/\000T\000r\000e\000e\000/\000b\000i\000n\000a\000r\000y\000t\000r\000e\000e\000n\000o\000d\000e\000.\000c\000p\000p\000\040\000F\000i\000l\000e\000\040\000R\000e\000f\000e\000r\000e\000n\000c\000e}{chapter.5}% 129
\BOOKMARK [1][-]{section.5.15}{\376\377\000s\000r\000c\000/\000d\000a\000t\000a\000S\000t\000r\000u\000c\000t\000u\000r\000e\000s\000/\000T\000r\000e\000e\000/\000b\000i\000n\000a\000r\000y\000t\000r\000e\000e\000n\000o\000d\000e\000.\000h\000\040\000F\000i\000l\000e\000\040\000R\000e\000f\000e\000r\000e\000n\000c\000e}{chapter.5}% 130
\BOOKMARK [1][-]{section.5.16}{\376\377\000s\000r\000c\000/\000m\000a\000i\000n\000.\000c\000p\000p\000\040\000F\000i\000l\000e\000\040\000R\000e\000f\000e\000r\000e\000n\000c\000e}{chapter.5}% 131
\BOOKMARK [2][-]{subsection.5.16.1}{\376\377\000F\000u\000n\000c\000t\000i\000o\000n\000\040\000D\000o\000c\000u\000m\000e\000n\000t\000a\000t\000i\000o\000n}{section.5.16}% 132
\BOOKMARK [3][-]{subsubsection.5.16.1.1}{\376\377\000m\000a\000i\000n}{subsection.5.16.1}% 133
